{"/Users/ezgi.ozdemir/readora/src/components/input/Input.tsx": {"path":"/Users/ezgi.ozdemir/readora/src/components/input/Input.tsx","statementMap":{"0":{"start":{"line":5,"column":0},"end":{"line":5,"column":24}},"1":{"start":{"line":1,"column":0},"end":{"line":1,"column":70}},"2":{"start":{"line":6,"column":4},"end":{"line":6,"column":null}}},"fnMap":{"0":{"name":"Input","decl":{"start":{"line":5,"column":24},"end":{"line":5,"column":29}},"loc":{"start":{"line":5,"column":42},"end":{"line":7,"column":1}}}},"branchMap":{},"s":{"0":1,"1":1,"2":38},"f":{"0":38},"b":{}}
,"/Users/ezgi.ozdemir/readora/src/components/navigation/NavBar.tsx": {"path":"/Users/ezgi.ozdemir/readora/src/components/navigation/NavBar.tsx","statementMap":{"0":{"start":{"line":1,"column":0},"end":{"line":1,"column":50}},"1":{"start":{"line":2,"column":0},"end":{"line":2,"column":62}},"2":{"start":{"line":3,"column":0},"end":{"line":3,"column":65}},"3":{"start":{"line":4,"column":0},"end":{"line":4,"column":43}},"4":{"start":{"line":5,"column":0},"end":{"line":5,"column":22}},"5":{"start":{"line":8,"column":25},"end":{"line":79,"column":1}},"6":{"start":{"line":9,"column":28},"end":{"line":9,"column":55}},"7":{"start":{"line":10,"column":21},"end":{"line":10,"column":34}},"8":{"start":{"line":11,"column":21},"end":{"line":11,"column":34}},"9":{"start":{"line":12,"column":4},"end":{"line":19,"column":null}},"10":{"start":{"line":13,"column":8},"end":{"line":18,"column":9}},"11":{"start":{"line":14,"column":24},"end":{"line":14,"column":52}},"12":{"start":{"line":15,"column":12},"end":{"line":15,"column":null}},"13":{"start":{"line":17,"column":12},"end":{"line":17,"column":null}},"14":{"start":{"line":21,"column":25},"end":{"line":27,"column":5}},"15":{"start":{"line":22,"column":8},"end":{"line":22,"column":null}},"16":{"start":{"line":23,"column":8},"end":{"line":23,"column":null}},"17":{"start":{"line":24,"column":8},"end":{"line":24,"column":null}},"18":{"start":{"line":25,"column":8},"end":{"line":25,"column":null}},"19":{"start":{"line":26,"column":8},"end":{"line":26,"column":null}},"20":{"start":{"line":29,"column":4},"end":{"line":78,"column":null}},"21":{"start":{"line":81,"column":0},"end":{"line":81,"column":null}}},"fnMap":{"0":{"name":"(anonymous_1)","decl":{"start":{"line":8,"column":25},"end":{"line":8,"column":28}},"loc":{"start":{"line":8,"column":30},"end":{"line":79,"column":1}}},"1":{"name":"(anonymous_2)","decl":{"start":{"line":12,"column":14},"end":{"line":12,"column":17}},"loc":{"start":{"line":12,"column":19},"end":{"line":19,"column":5}}},"2":{"name":"(anonymous_3)","decl":{"start":{"line":21,"column":25},"end":{"line":21,"column":28}},"loc":{"start":{"line":21,"column":30},"end":{"line":27,"column":5}}}},"branchMap":{"0":{"loc":{"start":{"line":15,"column":20},"end":{"line":15,"column":58}},"type":"cond-expr","locations":[{"start":{"line":15,"column":27},"end":{"line":15,"column":51}},{"start":{"line":15,"column":54},"end":{"line":15,"column":58}}]},"1":{"loc":{"start":{"line":51,"column":17},"end":{"line":59,"column":null}},"type":"binary-expr","locations":[{"start":{"line":51,"column":17},"end":{"line":51,"column":22}},{"start":{"line":52,"column":20},"end":{"line":56,"column":null}}]},"2":{"loc":{"start":{"line":62,"column":17},"end":{"line":74,"column":null}},"type":"binary-expr","locations":[{"start":{"line":62,"column":17},"end":{"line":62,"column":21}},{"start":{"line":63,"column":20},"end":{"line":73,"column":null}}]}},"s":{"0":1,"1":1,"2":1,"3":1,"4":1,"5":1,"6":1,"7":1,"8":1,"9":1,"10":1,"11":1,"12":1,"13":0,"14":1,"15":0,"16":0,"17":0,"18":0,"19":0,"20":1,"21":1},"f":{"0":1,"1":1,"2":0},"b":{"0":[0,1],"1":[1,1],"2":[1,0]}}
,"/Users/ezgi.ozdemir/readora/src/constants/texts.ts": {"path":"/Users/ezgi.ozdemir/readora/src/constants/texts.ts","statementMap":{"0":{"start":{"line":1,"column":13},"end":{"line":14,"column":null}}},"fnMap":{},"branchMap":{},"s":{"0":1},"f":{},"b":{}}
,"/Users/ezgi.ozdemir/readora/src/hooks/useAuth.ts": {"path":"/Users/ezgi.ozdemir/readora/src/hooks/useAuth.ts","statementMap":{"0":{"start":{"line":39,"column":0},"end":{"line":39,"column":16}},"1":{"start":{"line":1,"column":0},"end":{"line":1,"column":45}},"2":{"start":{"line":9,"column":16},"end":{"line":13,"column":null}},"3":{"start":{"line":16,"column":16},"end":{"line":16,"column":41}},"4":{"start":{"line":17,"column":4},"end":{"line":17,"column":null}},"5":{"start":{"line":17,"column":14},"end":{"line":17,"column":null}},"6":{"start":{"line":18,"column":4},"end":{"line":22,"column":5}},"7":{"start":{"line":19,"column":8},"end":{"line":19,"column":null}},"8":{"start":{"line":21,"column":8},"end":{"line":21,"column":null}},"9":{"start":{"line":26,"column":4},"end":{"line":30,"column":5}},"10":{"start":{"line":27,"column":8},"end":{"line":27,"column":null}},"11":{"start":{"line":29,"column":8},"end":{"line":29,"column":null}},"12":{"start":{"line":34,"column":4},"end":{"line":34,"column":null}},"13":{"start":{"line":35,"column":4},"end":{"line":35,"column":null}},"14":{"start":{"line":36,"column":4},"end":{"line":36,"column":null}},"15":{"start":{"line":40,"column":42},"end":{"line":43,"column":6}},"16":{"start":{"line":41,"column":26},"end":{"line":41,"column":70}},"17":{"start":{"line":42,"column":8},"end":{"line":42,"column":null}},"18":{"start":{"line":45,"column":44},"end":{"line":48,"column":6}},"19":{"start":{"line":46,"column":26},"end":{"line":46,"column":71}},"20":{"start":{"line":47,"column":8},"end":{"line":47,"column":null}},"21":{"start":{"line":50,"column":28},"end":{"line":53,"column":6}},"22":{"start":{"line":51,"column":26},"end":{"line":51,"column":65}},"23":{"start":{"line":52,"column":8},"end":{"line":52,"column":null}},"24":{"start":{"line":55,"column":28},"end":{"line":55,"column":41}},"25":{"start":{"line":57,"column":21},"end":{"line":77,"column":null}},"26":{"start":{"line":63,"column":56},"end":{"line":63,"column":63}},"27":{"start":{"line":65,"column":12},"end":{"line":65,"column":null}},"28":{"start":{"line":66,"column":12},"end":{"line":66,"column":null}},"29":{"start":{"line":68,"column":12},"end":{"line":71,"column":13}},"30":{"start":{"line":69,"column":16},"end":{"line":69,"column":null}},"31":{"start":{"line":70,"column":16},"end":{"line":70,"column":null}},"32":{"start":{"line":72,"column":12},"end":{"line":75,"column":13}},"33":{"start":{"line":73,"column":16},"end":{"line":73,"column":null}},"34":{"start":{"line":74,"column":16},"end":{"line":74,"column":null}},"35":{"start":{"line":80,"column":19},"end":{"line":85,"column":10}},"36":{"start":{"line":81,"column":8},"end":{"line":81,"column":null}},"37":{"start":{"line":82,"column":8},"end":{"line":82,"column":null}},"38":{"start":{"line":83,"column":8},"end":{"line":83,"column":null}},"39":{"start":{"line":84,"column":8},"end":{"line":84,"column":null}},"40":{"start":{"line":87,"column":4},"end":{"line":94,"column":null}}},"fnMap":{"0":{"name":"readFromStorage","decl":{"start":{"line":15,"column":9},"end":{"line":15,"column":24}},"loc":{"start":{"line":15,"column":49},"end":{"line":23,"column":1}}},"1":{"name":"writeToStorage","decl":{"start":{"line":25,"column":9},"end":{"line":25,"column":23}},"loc":{"start":{"line":25,"column":51},"end":{"line":31,"column":1}}},"2":{"name":"clearStorage","decl":{"start":{"line":33,"column":9},"end":{"line":33,"column":21}},"loc":{"start":{"line":33,"column":21},"end":{"line":37,"column":1}}},"3":{"name":"useAuth","decl":{"start":{"line":39,"column":16},"end":{"line":39,"column":23}},"loc":{"start":{"line":39,"column":23},"end":{"line":95,"column":1}}},"4":{"name":"(anonymous_4)","decl":{"start":{"line":40,"column":66},"end":{"line":40,"column":69}},"loc":{"start":{"line":40,"column":71},"end":{"line":43,"column":5}}},"5":{"name":"(anonymous_5)","decl":{"start":{"line":45,"column":68},"end":{"line":45,"column":71}},"loc":{"start":{"line":45,"column":73},"end":{"line":48,"column":5}}},"6":{"name":"(anonymous_6)","decl":{"start":{"line":50,"column":54},"end":{"line":50,"column":57}},"loc":{"start":{"line":50,"column":59},"end":{"line":53,"column":5}}},"7":{"name":"(anonymous_7)","decl":{"start":{"line":58,"column":8},"end":{"line":58,"column":9}},"loc":{"start":{"line":62,"column":13},"end":{"line":76,"column":9}}},"8":{"name":"(anonymous_8)","decl":{"start":{"line":80,"column":31},"end":{"line":80,"column":34}},"loc":{"start":{"line":80,"column":36},"end":{"line":85,"column":5}}}},"branchMap":{"0":{"loc":{"start":{"line":17,"column":4},"end":{"line":17,"column":null}},"type":"if","locations":[{"start":{"line":17,"column":4},"end":{"line":17,"column":null}},{"start":{},"end":{}}]},"1":{"loc":{"start":{"line":26,"column":4},"end":{"line":30,"column":5}},"type":"if","locations":[{"start":{"line":26,"column":4},"end":{"line":30,"column":5}},{"start":{"line":28,"column":11},"end":{"line":30,"column":5}}]},"2":{"loc":{"start":{"line":42,"column":15},"end":{"line":42,"column":63}},"type":"cond-expr","locations":[{"start":{"line":42,"column":47},"end":{"line":42,"column":56}},{"start":{"line":42,"column":59},"end":{"line":42,"column":63}}]},"3":{"loc":{"start":{"line":47,"column":15},"end":{"line":47,"column":63}},"type":"cond-expr","locations":[{"start":{"line":47,"column":47},"end":{"line":47,"column":56}},{"start":{"line":47,"column":59},"end":{"line":47,"column":63}}]},"4":{"loc":{"start":{"line":52,"column":15},"end":{"line":52,"column":32}},"type":"binary-expr","locations":[{"start":{"line":52,"column":15},"end":{"line":52,"column":24}},{"start":{"line":52,"column":28},"end":{"line":52,"column":32}}]},"5":{"loc":{"start":{"line":68,"column":12},"end":{"line":71,"column":13}},"type":"if","locations":[{"start":{"line":68,"column":12},"end":{"line":71,"column":13}},{"start":{},"end":{}}]},"6":{"loc":{"start":{"line":72,"column":12},"end":{"line":75,"column":13}},"type":"if","locations":[{"start":{"line":72,"column":12},"end":{"line":75,"column":13}},{"start":{},"end":{}}]}},"s":{"0":1,"1":1,"2":1,"3":6,"4":6,"5":6,"6":0,"7":0,"8":0,"9":2,"10":0,"11":2,"12":0,"13":0,"14":0,"15":7,"16":2,"17":2,"18":7,"19":2,"20":2,"21":7,"22":2,"23":2,"24":7,"25":7,"26":1,"27":1,"28":1,"29":1,"30":0,"31":0,"32":1,"33":1,"34":1,"35":7,"36":0,"37":0,"38":0,"39":0,"40":7},"f":{"0":6,"1":2,"2":0,"3":7,"4":2,"5":2,"6":2,"7":1,"8":0},"b":{"0":[6,0],"1":[0,2],"2":[0,2],"3":[0,2],"4":[2,2],"5":[0,1],"6":[1,0]}}
,"/Users/ezgi.ozdemir/readora/src/pages/book-detail/BookDetail.tsx": {"path":"/Users/ezgi.ozdemir/readora/src/pages/book-detail/BookDetail.tsx","statementMap":{"0":{"start":{"line":1,"column":0},"end":{"line":1,"column":50}},"1":{"start":{"line":2,"column":0},"end":{"line":2,"column":57}},"2":{"start":{"line":4,"column":0},"end":{"line":4,"column":47}},"3":{"start":{"line":5,"column":0},"end":{"line":5,"column":26}},"4":{"start":{"line":6,"column":0},"end":{"line":6,"column":50}},"5":{"start":{"line":8,"column":29},"end":{"line":95,"column":1}},"6":{"start":{"line":10,"column":26},"end":{"line":10,"column":60}},"7":{"start":{"line":11,"column":21},"end":{"line":11,"column":34}},"8":{"start":{"line":12,"column":23},"end":{"line":12,"column":70}},"9":{"start":{"line":13,"column":26},"end":{"line":13,"column":61}},"10":{"start":{"line":13,"column":45},"end":{"line":13,"column":60}},"11":{"start":{"line":14,"column":21},"end":{"line":14,"column":51}},"12":{"start":{"line":14,"column":40},"end":{"line":14,"column":50}},"13":{"start":{"line":15,"column":28},"end":{"line":15,"column":68}},"14":{"start":{"line":18,"column":4},"end":{"line":26,"column":null}},"15":{"start":{"line":19,"column":8},"end":{"line":19,"column":38}},"16":{"start":{"line":19,"column":32},"end":{"line":19,"column":38}},"17":{"start":{"line":21,"column":23},"end":{"line":21,"column":47}},"18":{"start":{"line":22,"column":8},"end":{"line":25,"column":9}},"19":{"start":{"line":23,"column":12},"end":{"line":23,"column":null}},"20":{"start":{"line":24,"column":12},"end":{"line":24,"column":18}},"21":{"start":{"line":28,"column":4},"end":{"line":48,"column":5}},"22":{"start":{"line":29,"column":8},"end":{"line":47,"column":null}},"23":{"start":{"line":50,"column":4},"end":{"line":94,"column":null}},"24":{"start":{"line":78,"column":32},"end":{"line":78,"column":null}},"25":{"start":{"line":97,"column":0},"end":{"line":97,"column":null}}},"fnMap":{"0":{"name":"(anonymous_0)","decl":{"start":{"line":8,"column":29},"end":{"line":8,"column":32}},"loc":{"start":{"line":8,"column":34},"end":{"line":95,"column":1}}},"1":{"name":"(anonymous_1)","decl":{"start":{"line":13,"column":38},"end":{"line":13,"column":39}},"loc":{"start":{"line":13,"column":45},"end":{"line":13,"column":60}}},"2":{"name":"(anonymous_2)","decl":{"start":{"line":14,"column":33},"end":{"line":14,"column":34}},"loc":{"start":{"line":14,"column":40},"end":{"line":14,"column":50}}},"3":{"name":"(anonymous_3)","decl":{"start":{"line":18,"column":14},"end":{"line":18,"column":17}},"loc":{"start":{"line":18,"column":19},"end":{"line":26,"column":5}}},"4":{"name":"(anonymous_4)","decl":{"start":{"line":77,"column":48},"end":{"line":77,"column":49}},"loc":{"start":{"line":78,"column":32},"end":{"line":78,"column":null}}}},"branchMap":{"0":{"loc":{"start":{"line":15,"column":50},"end":{"line":15,"column":67}},"type":"binary-expr","locations":[{"start":{"line":15,"column":50},"end":{"line":15,"column":59}},{"start":{"line":15,"column":63},"end":{"line":15,"column":67}}]},"1":{"loc":{"start":{"line":19,"column":8},"end":{"line":19,"column":38}},"type":"if","locations":[{"start":{"line":19,"column":8},"end":{"line":19,"column":38}},{"start":{},"end":{}}]},"2":{"loc":{"start":{"line":19,"column":12},"end":{"line":19,"column":30}},"type":"binary-expr","locations":[{"start":{"line":19,"column":12},"end":{"line":19,"column":16}},{"start":{"line":19,"column":20},"end":{"line":19,"column":30}}]},"3":{"loc":{"start":{"line":22,"column":8},"end":{"line":25,"column":9}},"type":"if","locations":[{"start":{"line":22,"column":8},"end":{"line":25,"column":9}},{"start":{},"end":{}}]},"4":{"loc":{"start":{"line":28,"column":4},"end":{"line":48,"column":5}},"type":"if","locations":[{"start":{"line":28,"column":4},"end":{"line":48,"column":5}},{"start":{},"end":{}}]}},"s":{"0":1,"1":1,"2":1,"3":1,"4":1,"5":1,"6":2,"7":2,"8":2,"9":2,"10":2,"11":2,"12":2,"13":2,"14":2,"15":2,"16":1,"17":1,"18":1,"19":1,"20":1,"21":2,"22":1,"23":1,"24":0,"25":1},"f":{"0":2,"1":2,"2":2,"3":2,"4":0},"b":{"0":[2,2],"1":[1,1],"2":[2,1],"3":[1,0],"4":[1,1]}}
,"/Users/ezgi.ozdemir/readora/src/pages/login/Login.tsx": {"path":"/Users/ezgi.ozdemir/readora/src/pages/login/Login.tsx","statementMap":{"0":{"start":{"line":1,"column":0},"end":{"line":1,"column":48}},"1":{"start":{"line":2,"column":0},"end":{"line":2,"column":50}},"2":{"start":{"line":3,"column":0},"end":{"line":3,"column":45}},"3":{"start":{"line":4,"column":0},"end":{"line":4,"column":21}},"4":{"start":{"line":5,"column":0},"end":{"line":5,"column":32}},"5":{"start":{"line":6,"column":0},"end":{"line":6,"column":46}},"6":{"start":{"line":7,"column":0},"end":{"line":7,"column":55}},"7":{"start":{"line":8,"column":0},"end":{"line":8,"column":47}},"8":{"start":{"line":9,"column":0},"end":{"line":9,"column":25}},"9":{"start":{"line":10,"column":0},"end":{"line":10,"column":68}},"10":{"start":{"line":11,"column":0},"end":{"line":11,"column":26}},"11":{"start":{"line":12,"column":0},"end":{"line":12,"column":53}},"12":{"start":{"line":13,"column":0},"end":{"line":13,"column":45}},"13":{"start":{"line":23,"column":31},"end":{"line":147,"column":1}},"14":{"start":{"line":24,"column":24},"end":{"line":31,"column":6}},"15":{"start":{"line":33,"column":30},"end":{"line":33,"column":42}},"16":{"start":{"line":34,"column":21},"end":{"line":34,"column":34}},"17":{"start":{"line":37,"column":25},"end":{"line":37,"column":34}},"18":{"start":{"line":45,"column":8},"end":{"line":45,"column":72}},"19":{"start":{"line":47,"column":53},"end":{"line":70,"column":5}},"20":{"start":{"line":51,"column":8},"end":{"line":51,"column":null}},"21":{"start":{"line":52,"column":8},"end":{"line":69,"column":9}},"22":{"start":{"line":53,"column":24},"end":{"line":56,"column":14}},"23":{"start":{"line":58,"column":56},"end":{"line":58,"column":64}},"24":{"start":{"line":59,"column":12},"end":{"line":59,"column":null}},"25":{"start":{"line":61,"column":12},"end":{"line":61,"column":null}},"26":{"start":{"line":63,"column":12},"end":{"line":68,"column":13}},"27":{"start":{"line":64,"column":29},"end":{"line":64,"column":78}},"28":{"start":{"line":65,"column":16},"end":{"line":65,"column":null}},"29":{"start":{"line":67,"column":16},"end":{"line":67,"column":null}},"30":{"start":{"line":72,"column":4},"end":{"line":146,"column":null}},"31":{"start":{"line":84,"column":35},"end":{"line":84,"column":47}},"32":{"start":{"line":101,"column":28},"end":{"line":108,"column":null}},"33":{"start":{"line":120,"column":28},"end":{"line":127,"column":null}},"34":{"start":{"line":23,"column":13},"end":{"line":23,"column":31}}},"fnMap":{"0":{"name":"(anonymous_10)","decl":{"start":{"line":23,"column":31},"end":{"line":23,"column":34}},"loc":{"start":{"line":23,"column":36},"end":{"line":147,"column":1}}},"1":{"name":"(anonymous_11)","decl":{"start":{"line":47,"column":53},"end":{"line":47,"column":58}},"loc":{"start":{"line":50,"column":9},"end":{"line":70,"column":5}}},"2":{"name":"(anonymous_12)","decl":{"start":{"line":84,"column":29},"end":{"line":84,"column":32}},"loc":{"start":{"line":84,"column":35},"end":{"line":84,"column":47}}},"3":{"name":"(anonymous_13)","decl":{"start":{"line":100,"column":32},"end":{"line":100,"column":33}},"loc":{"start":{"line":101,"column":28},"end":{"line":108,"column":null}}},"4":{"name":"(anonymous_14)","decl":{"start":{"line":119,"column":32},"end":{"line":119,"column":33}},"loc":{"start":{"line":120,"column":28},"end":{"line":127,"column":null}}}},"branchMap":{"0":{"loc":{"start":{"line":63,"column":12},"end":{"line":68,"column":13}},"type":"if","locations":[{"start":{"line":63,"column":12},"end":{"line":68,"column":13}},{"start":{"line":66,"column":19},"end":{"line":68,"column":13}}]},"1":{"loc":{"start":{"line":64,"column":29},"end":{"line":64,"column":78}},"type":"binary-expr","locations":[{"start":{"line":64,"column":29},"end":{"line":64,"column":60}},{"start":{"line":64,"column":64},"end":{"line":64,"column":78}}]},"2":{"loc":{"start":{"line":75,"column":13},"end":{"line":92,"column":null}},"type":"binary-expr","locations":[{"start":{"line":75,"column":13},"end":{"line":75,"column":45}},{"start":{"line":76,"column":16},"end":{"line":90,"column":null}}]},"3":{"loc":{"start":{"line":105,"column":39},"end":{"line":105,"column":56}},"type":"binary-expr","locations":[{"start":{"line":105,"column":39},"end":{"line":105,"column":50}},{"start":{"line":105,"column":54},"end":{"line":105,"column":56}}]},"4":{"loc":{"start":{"line":112,"column":21},"end":{"line":112,"column":72}},"type":"binary-expr","locations":[{"start":{"line":112,"column":21},"end":{"line":112,"column":36}},{"start":{"line":112,"column":40},"end":{"line":112,"column":72}}]},"5":{"loc":{"start":{"line":124,"column":39},"end":{"line":124,"column":56}},"type":"binary-expr","locations":[{"start":{"line":124,"column":39},"end":{"line":124,"column":50}},{"start":{"line":124,"column":54},"end":{"line":124,"column":56}}]},"6":{"loc":{"start":{"line":131,"column":21},"end":{"line":131,"column":72}},"type":"binary-expr","locations":[{"start":{"line":131,"column":21},"end":{"line":131,"column":36}},{"start":{"line":131,"column":40},"end":{"line":131,"column":72}}]}},"s":{"0":1,"1":1,"2":1,"3":1,"4":1,"5":1,"6":1,"7":1,"8":1,"9":1,"10":1,"11":1,"12":1,"13":1,"14":7,"15":7,"16":7,"17":7,"18":7,"19":7,"20":2,"21":2,"22":2,"23":1,"24":1,"25":1,"26":1,"27":1,"28":1,"29":0,"30":7,"31":0,"32":19,"33":23,"34":1},"f":{"0":7,"1":2,"2":0,"3":19,"4":23},"b":{"0":[1,0],"1":[1,0],"2":[7,1],"3":[19,4],"4":[7,0],"5":[23,4],"6":[7,0]}}
}
