TN:
SF:src/components/input/Input.tsx
FN:5,Input
FNF:1
FNH:1
FNDA:38,Input
DA:1,1
DA:5,1
DA:6,38
LF:3
LH:3
BRF:0
BRH:0
end_of_record
TN:
SF:src/components/navigation/NavBar.tsx
FN:8,(anonymous_1)
FN:12,(anonymous_2)
FN:21,(anonymous_3)
FNF:3
FNH:2
FNDA:1,(anonymous_1)
FNDA:1,(anonymous_2)
FNDA:0,(anonymous_3)
DA:1,1
DA:2,1
DA:3,1
DA:4,1
DA:5,1
DA:8,1
DA:9,1
DA:10,1
DA:11,1
DA:12,1
DA:13,1
DA:14,1
DA:15,1
DA:17,0
DA:21,1
DA:22,0
DA:23,0
DA:24,0
DA:25,0
DA:26,0
DA:29,1
DA:81,1
LF:22
LH:16
BRDA:15,0,0,0
BRDA:15,0,1,1
BRDA:51,1,0,1
BRDA:51,1,1,1
BRDA:62,2,0,1
BRDA:62,2,1,0
BRF:6
BRH:4
end_of_record
TN:
SF:src/constants/texts.ts
FNF:0
FNH:0
DA:1,1
LF:1
LH:1
BRF:0
BRH:0
end_of_record
TN:
SF:src/hooks/useAuth.ts
FN:15,readFromStorage
FN:25,writeToStorage
FN:33,clearStorage
FN:39,useAuth
FN:40,(anonymous_4)
FN:45,(anonymous_5)
FN:50,(anonymous_6)
FN:58,(anonymous_7)
FN:80,(anonymous_8)
FNF:9
FNH:7
FNDA:6,readFromStorage
FNDA:2,writeToStorage
FNDA:0,clearStorage
FNDA:7,useAuth
FNDA:2,(anonymous_4)
FNDA:2,(anonymous_5)
FNDA:2,(anonymous_6)
FNDA:1,(anonymous_7)
FNDA:0,(anonymous_8)
DA:1,1
DA:9,1
DA:16,6
DA:17,6
DA:18,0
DA:19,0
DA:21,0
DA:26,2
DA:27,0
DA:29,2
DA:34,0
DA:35,0
DA:36,0
DA:39,1
DA:40,7
DA:41,2
DA:42,2
DA:45,7
DA:46,2
DA:47,2
DA:50,7
DA:51,2
DA:52,2
DA:55,7
DA:57,7
DA:63,1
DA:65,1
DA:66,1
DA:68,1
DA:69,0
DA:70,0
DA:72,1
DA:73,1
DA:74,1
DA:80,7
DA:81,0
DA:82,0
DA:83,0
DA:84,0
DA:87,7
LF:40
LH:27
BRDA:17,0,0,6
BRDA:17,0,1,0
BRDA:26,1,0,0
BRDA:26,1,1,2
BRDA:42,2,0,0
BRDA:42,2,1,2
BRDA:47,3,0,0
BRDA:47,3,1,2
BRDA:52,4,0,2
BRDA:52,4,1,2
BRDA:68,5,0,0
BRDA:68,5,1,1
BRDA:72,6,0,1
BRDA:72,6,1,0
BRF:14
BRH:8
end_of_record
TN:
SF:src/pages/book-detail/BookDetail.tsx
FN:8,(anonymous_0)
FN:13,(anonymous_1)
FN:14,(anonymous_2)
FN:18,(anonymous_3)
FN:77,(anonymous_4)
FNF:5
FNH:4
FNDA:2,(anonymous_0)
FNDA:2,(anonymous_1)
FNDA:2,(anonymous_2)
FNDA:2,(anonymous_3)
FNDA:0,(anonymous_4)
DA:1,1
DA:2,1
DA:4,1
DA:5,1
DA:6,1
DA:8,1
DA:10,2
DA:11,2
DA:12,2
DA:13,2
DA:14,2
DA:15,2
DA:18,2
DA:19,2
DA:21,1
DA:22,1
DA:23,1
DA:24,1
DA:28,2
DA:29,1
DA:50,1
DA:78,0
DA:97,1
LF:23
LH:22
BRDA:15,0,0,2
BRDA:15,0,1,2
BRDA:19,1,0,1
BRDA:19,1,1,1
BRDA:19,2,0,2
BRDA:19,2,1,1
BRDA:22,3,0,1
BRDA:22,3,1,0
BRDA:28,4,0,1
BRDA:28,4,1,1
BRF:10
BRH:9
end_of_record
TN:
SF:src/pages/login/Login.tsx
FN:23,(anonymous_10)
FN:47,(anonymous_11)
FN:84,(anonymous_12)
FN:100,(anonymous_13)
FN:119,(anonymous_14)
FNF:5
FNH:4
FNDA:7,(anonymous_10)
FNDA:2,(anonymous_11)
FNDA:0,(anonymous_12)
FNDA:19,(anonymous_13)
FNDA:23,(anonymous_14)
DA:1,1
DA:2,1
DA:3,1
DA:4,1
DA:5,1
DA:6,1
DA:7,1
DA:8,1
DA:9,1
DA:10,1
DA:11,1
DA:12,1
DA:13,1
DA:23,1
DA:24,7
DA:33,7
DA:34,7
DA:37,7
DA:45,7
DA:47,7
DA:51,2
DA:52,2
DA:53,2
DA:58,1
DA:59,1
DA:61,1
DA:63,1
DA:64,1
DA:65,1
DA:67,0
DA:72,7
DA:84,0
DA:101,19
DA:120,23
LF:34
LH:32
BRDA:63,0,0,1
BRDA:63,0,1,0
BRDA:64,1,0,1
BRDA:64,1,1,0
BRDA:75,2,0,7
BRDA:75,2,1,1
BRDA:105,3,0,19
BRDA:105,3,1,4
BRDA:112,4,0,7
BRDA:112,4,1,0
BRDA:124,5,0,23
BRDA:124,5,1,4
BRDA:131,6,0,7
BRDA:131,6,1,0
BRF:14
BRH:10
end_of_record
